2024-01-19T10:41:54.007-05:00  INFO 22124 --- [main] d.u.m.MechanicShopApplication            : Starting MechanicShopApplication using Java 18.0.1.1 with PID 22124 (C:\Users\ezra\Documents\PROJECTS\SpringBoot\mechanic-shop\target\classes started by ezra in C:\Users\ezra\Documents\PROJECTS\SpringBoot\mechanic-shop)
2024-01-19T10:41:54.010-05:00  INFO 22124 --- [main] d.u.m.MechanicShopApplication            : No active profile set, falling back to 1 default profile: "default"
2024-01-19T10:41:55.143-05:00  INFO 22124 --- [main] .s.d.r.c.RepositoryConfigurationDelegate : Bootstrapping Spring Data JPA repositories in DEFAULT mode.
2024-01-19T10:41:55.244-05:00  INFO 22124 --- [main] .s.d.r.c.RepositoryConfigurationDelegate : Finished Spring Data repository scanning in 88 ms. Found 3 JPA repository interfaces.
2024-01-19T10:41:56.037-05:00  INFO 22124 --- [main] o.s.b.w.embedded.tomcat.TomcatWebServer  : Tomcat initialized with port 8080 (http)
2024-01-19T10:41:56.068-05:00  INFO 22124 --- [main] o.apache.catalina.core.StandardService   : Starting service [Tomcat]
2024-01-19T10:41:56.068-05:00  INFO 22124 --- [main] o.apache.catalina.core.StandardEngine    : Starting Servlet engine: [Apache Tomcat/10.1.17]
2024-01-19T10:41:56.217-05:00  INFO 22124 --- [main] o.a.c.c.C.[Tomcat].[localhost].[/]       : Initializing Spring embedded WebApplicationContext
2024-01-19T10:41:56.217-05:00  INFO 22124 --- [main] w.s.c.ServletWebServerApplicationContext : Root WebApplicationContext: initialization completed in 2135 ms
2024-01-19T10:41:56.423-05:00  INFO 22124 --- [main] o.hibernate.jpa.internal.util.LogHelper  : HHH000204: Processing PersistenceUnitInfo [name: default]
2024-01-19T10:41:56.519-05:00  INFO 22124 --- [main] org.hibernate.Version                    : HHH000412: Hibernate ORM core version 6.4.1.Final
2024-01-19T10:41:56.581-05:00  INFO 22124 --- [main] o.h.c.internal.RegionFactoryInitiator    : HHH000026: Second-level cache disabled
2024-01-19T10:41:56.930-05:00  INFO 22124 --- [main] o.s.o.j.p.SpringPersistenceUnitInfo      : No LoadTimeWeaver setup: ignoring JPA class transformer
2024-01-19T10:41:56.976-05:00  INFO 22124 --- [main] com.zaxxer.hikari.HikariDataSource       : HikariPool-1 - Starting...
2024-01-19T10:41:57.530-05:00  INFO 22124 --- [main] com.zaxxer.hikari.pool.HikariPool        : HikariPool-1 - Added connection com.mysql.cj.jdbc.ConnectionImpl@11180750
2024-01-19T10:41:57.530-05:00  INFO 22124 --- [main] com.zaxxer.hikari.HikariDataSource       : HikariPool-1 - Start completed.
2024-01-19T10:41:57.607-05:00  WARN 22124 --- [main] org.hibernate.orm.deprecation            : HHH90000025: MySQLDialect does not need to be specified explicitly using 'hibernate.dialect' (remove the property setting and it will be selected by default)
2024-01-19T10:41:58.854-05:00  INFO 22124 --- [main] o.h.e.t.j.p.i.JtaPlatformInitiator       : HHH000489: No JTA platform available (set 'hibernate.transaction.jta.platform' to enable JTA platform integration)
2024-01-19T10:41:58.959-05:00  INFO 22124 --- [main] j.LocalContainerEntityManagerFactoryBean : Initialized JPA EntityManagerFactory for persistence unit 'default'
2024-01-19T10:41:59.401-05:00  WARN 22124 --- [main] JpaBaseConfiguration$JpaWebConfiguration : spring.jpa.open-in-view is enabled by default. Therefore, database queries may be performed during view rendering. Explicitly configure spring.jpa.open-in-view to disable this warning
2024-01-19T10:41:59.754-05:00  INFO 22124 --- [main] o.s.s.web.DefaultSecurityFilterChain     : Will secure any request with [org.springframework.security.web.session.DisableEncodeUrlFilter@698394bf, org.springframework.security.web.context.request.async.WebAsyncManagerIntegrationFilter@31887330, org.springframework.security.web.context.SecurityContextHolderFilter@60ae950f, org.springframework.security.web.header.HeaderWriterFilter@1dc9e4d2, org.springframework.web.filter.CorsFilter@65528bcf, org.springframework.security.web.authentication.logout.LogoutFilter@74471600, org.springframework.security.oauth2.server.resource.web.authentication.BearerTokenAuthenticationFilter@c0b10ae, org.springframework.security.web.savedrequest.RequestCacheAwareFilter@89dd102, org.springframework.security.web.servletapi.SecurityContextHolderAwareRequestFilter@2b826482, org.springframework.security.web.authentication.AnonymousAuthenticationFilter@7bb4f09d, org.springframework.security.web.access.ExceptionTranslationFilter@1b949de4, org.springframework.security.web.access.intercept.AuthorizationFilter@31b6eec8]
2024-01-19T10:42:00.134-05:00  INFO 22124 --- [main] o.s.b.w.embedded.tomcat.TomcatWebServer  : Tomcat started on port 8080 (http) with context path ''
2024-01-19T10:42:00.150-05:00  INFO 22124 --- [main] d.u.m.MechanicShopApplication            : Started MechanicShopApplication in 6.755 seconds (process running for 7.321)
2024-01-19T10:43:32.045-05:00  INFO 22124 --- [http-nio-8080-exec-2] o.a.c.c.C.[Tomcat].[localhost].[/]       : Initializing Spring DispatcherServlet 'dispatcherServlet'
2024-01-19T10:43:32.046-05:00  INFO 22124 --- [http-nio-8080-exec-2] o.s.web.servlet.DispatcherServlet        : Initializing Servlet 'dispatcherServlet'
2024-01-19T10:43:32.047-05:00  INFO 22124 --- [http-nio-8080-exec-2] o.s.web.servlet.DispatcherServlet        : Completed initialization in 1 ms
2024-01-19T11:18:02.890-05:00  INFO 22124 --- [SpringApplicationShutdownHook] j.LocalContainerEntityManagerFactoryBean : Closing JPA EntityManagerFactory for persistence unit 'default'
2024-01-19T11:18:02.892-05:00  INFO 22124 --- [SpringApplicationShutdownHook] com.zaxxer.hikari.HikariDataSource       : HikariPool-1 - Shutdown initiated...
2024-01-19T11:18:02.903-05:00  INFO 22124 --- [SpringApplicationShutdownHook] com.zaxxer.hikari.HikariDataSource       : HikariPool-1 - Shutdown completed.
2024-01-19T11:18:46.818-05:00  INFO 15048 --- [main] d.u.m.MechanicShopApplication            : Starting MechanicShopApplication using Java 18.0.1.1 with PID 15048 (C:\Users\ezra\Documents\PROJECTS\SpringBoot\mechanic-shop\target\classes started by ezra in C:\Users\ezra\Documents\PROJECTS\SpringBoot\mechanic-shop)
2024-01-19T11:18:46.822-05:00  INFO 15048 --- [main] d.u.m.MechanicShopApplication            : No active profile set, falling back to 1 default profile: "default"
2024-01-19T11:18:47.801-05:00  INFO 15048 --- [main] .s.d.r.c.RepositoryConfigurationDelegate : Bootstrapping Spring Data JPA repositories in DEFAULT mode.
2024-01-19T11:18:47.894-05:00  INFO 15048 --- [main] .s.d.r.c.RepositoryConfigurationDelegate : Finished Spring Data repository scanning in 83 ms. Found 3 JPA repository interfaces.
2024-01-19T11:18:48.869-05:00  INFO 15048 --- [main] o.s.b.w.embedded.tomcat.TomcatWebServer  : Tomcat initialized with port 8080 (http)
2024-01-19T11:18:48.916-05:00  INFO 15048 --- [main] o.apache.catalina.core.StandardService   : Starting service [Tomcat]
2024-01-19T11:18:48.918-05:00  INFO 15048 --- [main] o.apache.catalina.core.StandardEngine    : Starting Servlet engine: [Apache Tomcat/10.1.17]
2024-01-19T11:18:49.065-05:00  INFO 15048 --- [main] o.a.c.c.C.[Tomcat].[localhost].[/]       : Initializing Spring embedded WebApplicationContext
2024-01-19T11:18:49.066-05:00  INFO 15048 --- [main] w.s.c.ServletWebServerApplicationContext : Root WebApplicationContext: initialization completed in 2175 ms
2024-01-19T11:18:49.359-05:00  INFO 15048 --- [main] o.hibernate.jpa.internal.util.LogHelper  : HHH000204: Processing PersistenceUnitInfo [name: default]
2024-01-19T11:18:49.470-05:00  INFO 15048 --- [main] org.hibernate.Version                    : HHH000412: Hibernate ORM core version 6.4.1.Final
2024-01-19T11:18:49.549-05:00  INFO 15048 --- [main] o.h.c.internal.RegionFactoryInitiator    : HHH000026: Second-level cache disabled
2024-01-19T11:18:49.996-05:00  INFO 15048 --- [main] o.s.o.j.p.SpringPersistenceUnitInfo      : No LoadTimeWeaver setup: ignoring JPA class transformer
2024-01-19T11:18:50.061-05:00  INFO 15048 --- [main] com.zaxxer.hikari.HikariDataSource       : HikariPool-1 - Starting...
2024-01-19T11:18:50.643-05:00  INFO 15048 --- [main] com.zaxxer.hikari.pool.HikariPool        : HikariPool-1 - Added connection com.mysql.cj.jdbc.ConnectionImpl@144e36ae
2024-01-19T11:18:50.648-05:00  INFO 15048 --- [main] com.zaxxer.hikari.HikariDataSource       : HikariPool-1 - Start completed.
2024-01-19T11:18:50.766-05:00  WARN 15048 --- [main] org.hibernate.orm.deprecation            : HHH90000025: MySQLDialect does not need to be specified explicitly using 'hibernate.dialect' (remove the property setting and it will be selected by default)
2024-01-19T11:18:52.442-05:00  INFO 15048 --- [main] o.h.e.t.j.p.i.JtaPlatformInitiator       : HHH000489: No JTA platform available (set 'hibernate.transaction.jta.platform' to enable JTA platform integration)
2024-01-19T11:18:52.613-05:00  INFO 15048 --- [main] j.LocalContainerEntityManagerFactoryBean : Initialized JPA EntityManagerFactory for persistence unit 'default'
2024-01-19T11:18:53.611-05:00  WARN 15048 --- [main] JpaBaseConfiguration$JpaWebConfiguration : spring.jpa.open-in-view is enabled by default. Therefore, database queries may be performed during view rendering. Explicitly configure spring.jpa.open-in-view to disable this warning
2024-01-19T11:18:54.153-05:00  INFO 15048 --- [main] o.s.s.web.DefaultSecurityFilterChain     : Will secure any request with [org.springframework.security.web.session.DisableEncodeUrlFilter@3c83e9ca, org.springframework.security.web.context.request.async.WebAsyncManagerIntegrationFilter@7c0ecdbf, org.springframework.security.web.context.SecurityContextHolderFilter@62d5617, org.springframework.security.web.header.HeaderWriterFilter@73cfafd8, org.springframework.web.filter.CorsFilter@19bad88, org.springframework.security.web.authentication.logout.LogoutFilter@72ae1007, org.springframework.security.oauth2.server.resource.web.authentication.BearerTokenAuthenticationFilter@51158fb1, org.springframework.security.web.savedrequest.RequestCacheAwareFilter@489989eb, org.springframework.security.web.servletapi.SecurityContextHolderAwareRequestFilter@6d97a357, org.springframework.security.web.authentication.AnonymousAuthenticationFilter@2226fd2b, org.springframework.security.web.access.ExceptionTranslationFilter@3f908a10, org.springframework.security.web.access.intercept.AuthorizationFilter@19c6e821]
2024-01-19T11:18:54.546-05:00  INFO 15048 --- [main] o.s.b.w.embedded.tomcat.TomcatWebServer  : Tomcat started on port 8080 (http) with context path ''
2024-01-19T11:18:54.557-05:00  INFO 15048 --- [main] d.u.m.MechanicShopApplication            : Started MechanicShopApplication in 8.371 seconds (process running for 9.172)
2024-01-19T11:19:02.045-05:00  INFO 15048 --- [http-nio-8080-exec-2] o.a.c.c.C.[Tomcat].[localhost].[/]       : Initializing Spring DispatcherServlet 'dispatcherServlet'
2024-01-19T11:19:02.046-05:00  INFO 15048 --- [http-nio-8080-exec-2] o.s.web.servlet.DispatcherServlet        : Initializing Servlet 'dispatcherServlet'
2024-01-19T11:19:02.049-05:00  INFO 15048 --- [http-nio-8080-exec-2] o.s.web.servlet.DispatcherServlet        : Completed initialization in 2 ms
2024-01-19T11:19:38.012-05:00  INFO 15048 --- [SpringApplicationShutdownHook] j.LocalContainerEntityManagerFactoryBean : Closing JPA EntityManagerFactory for persistence unit 'default'
2024-01-19T11:19:38.017-05:00  INFO 15048 --- [SpringApplicationShutdownHook] com.zaxxer.hikari.HikariDataSource       : HikariPool-1 - Shutdown initiated...
2024-01-19T11:19:38.054-05:00  INFO 15048 --- [SpringApplicationShutdownHook] com.zaxxer.hikari.HikariDataSource       : HikariPool-1 - Shutdown completed.
